<?xml version="1.0" encoding="UTF-8"?>
<!-- Generated by org.testng.reporters.JUnitXMLReporter -->
<testsuite ignored="0" hostname="DESKTOP-UO2RFHB" failures="0" tests="5" name="Default test" time="26.922" errors="0" timestamp="2022-06-09T16:59:05 IST">
  <testcase classname="com.ifieldsmartTC_login.createNewRfi_TC001" name="initbrowser" time="7.192"/>
  <testcase classname="com.ifieldsmartTC_login.createNewRfi_TC001" name="login" time="11.18"/>
  <testcase classname="com.ifieldsmartTC_login.createNewRfi_TC001" name="projectCard1" time="4.431"/>
  <testcase classname="com.ifieldsmartTC_login.createNewRfi_TC001" name="rfiListCreate" time="0.39"/>
  <testcase classname="com.ifieldsmartTC_login.createNewRfi_TC001" name="createNewRfiForm" time="3.706"/>
</testsuite> <!-- Default test -->
