<?xml version="1.0" encoding="UTF-8"?>
<testng-results ignored="0" total="5" passed="5" failed="0" skipped="0">
  <reporter-output>
  </reporter-output>
  <suite started-at="2022-06-09T16:58:39 IST" name="Default suite" finished-at="2022-06-09T16:59:05 IST" duration-ms="26922">
    <groups>
    </groups>
    <test started-at="2022-06-09T16:58:39 IST" name="Default test" finished-at="2022-06-09T16:59:05 IST" duration-ms="26922">
      <class name="com.ifieldsmartTC_login.createNewRfi_TC001">
        <test-method is-config="true" signature="initreport()[pri:0, instance:com.ifieldsmartTC_login.createNewRfi_TC001@2cf23c81]" started-at="2022-06-09T16:58:38 IST" name="initreport" finished-at="2022-06-09T16:58:39 IST" duration-ms="90" status="PASS">
          <reporter-output>
          </reporter-output>
        </test-method> <!-- initreport -->
        <test-method signature="initbrowser()[pri:1, instance:com.ifieldsmartTC_login.createNewRfi_TC001@2cf23c81]" started-at="2022-06-09T16:58:39 IST" name="initbrowser" finished-at="2022-06-09T16:58:46 IST" duration-ms="7192" status="PASS">
          <reporter-output>
          </reporter-output>
        </test-method> <!-- initbrowser -->
        <test-method signature="login()[pri:2, instance:com.ifieldsmartTC_login.createNewRfi_TC001@2cf23c81]" started-at="2022-06-09T16:58:46 IST" name="login" finished-at="2022-06-09T16:58:57 IST" duration-ms="11180" status="PASS">
          <reporter-output>
          </reporter-output>
        </test-method> <!-- login -->
        <test-method signature="projectCard1()[pri:3, instance:com.ifieldsmartTC_login.createNewRfi_TC001@2cf23c81]" started-at="2022-06-09T16:58:57 IST" name="projectCard1" finished-at="2022-06-09T16:59:01 IST" duration-ms="4431" status="PASS">
          <reporter-output>
          </reporter-output>
        </test-method> <!-- projectCard1 -->
        <test-method signature="rfiListCreate()[pri:4, instance:com.ifieldsmartTC_login.createNewRfi_TC001@2cf23c81]" started-at="2022-06-09T16:59:01 IST" name="rfiListCreate" finished-at="2022-06-09T16:59:02 IST" duration-ms="390" status="PASS">
          <reporter-output>
          </reporter-output>
        </test-method> <!-- rfiListCreate -->
        <test-method signature="createNewRfiForm()[pri:5, instance:com.ifieldsmartTC_login.createNewRfi_TC001@2cf23c81]" started-at="2022-06-09T16:59:02 IST" name="createNewRfiForm" finished-at="2022-06-09T16:59:05 IST" duration-ms="3706" status="PASS">
          <reporter-output>
          </reporter-output>
        </test-method> <!-- createNewRfiForm -->
        <test-method is-config="true" signature="endreport()[pri:0, instance:com.ifieldsmartTC_login.createNewRfi_TC001@2cf23c81]" started-at="2022-06-09T16:59:05 IST" name="endreport" finished-at="2022-06-09T16:59:06 IST" duration-ms="178" status="PASS">
          <reporter-output>
          </reporter-output>
        </test-method> <!-- endreport -->
      </class> <!-- com.ifieldsmartTC_login.createNewRfi_TC001 -->
    </test> <!-- Default test -->
  </suite> <!-- Default suite -->
</testng-results>
